февр. 26, 2023 8:46:37 PM Ex_02 main
INFO: Исходный список: 
1 5 2 6 7 5 5 3 8 9 4 0 
февр. 26, 2023 8:46:37 PM Ex_02 main
INFO: 1 2 5 6 5 5 3 7 8 4 0 9 
февр. 26, 2023 8:46:37 PM Ex_02 main
INFO: 1 2 5 5 5 3 6 7 4 0 8 9 
февр. 26, 2023 8:46:37 PM Ex_02 main
INFO: 1 2 5 5 3 5 6 4 0 7 8 9 
февр. 26, 2023 8:46:37 PM Ex_02 main
INFO: 1 2 5 3 5 5 4 0 6 7 8 9 
февр. 26, 2023 8:46:37 PM Ex_02 main
INFO: 1 2 3 5 5 4 0 5 6 7 8 9 
февр. 26, 2023 8:46:37 PM Ex_02 main
INFO: 1 2 3 5 4 0 5 5 6 7 8 9 
февр. 26, 2023 8:46:37 PM Ex_02 main
INFO: 1 2 3 4 0 5 5 5 6 7 8 9 
февр. 26, 2023 8:46:37 PM Ex_02 main
INFO: 1 2 3 0 4 5 5 5 6 7 8 9 
февр. 26, 2023 8:46:38 PM Ex_02 main
INFO: 1 2 0 3 4 5 5 5 6 7 8 9 
февр. 26, 2023 8:46:38 PM Ex_02 main
INFO: 1 0 2 3 4 5 5 5 6 7 8 9 
февр. 26, 2023 8:46:38 PM Ex_02 main
INFO: 0 1 2 3 4 5 5 5 6 7 8 9 
февр. 26, 2023 8:46:38 PM Ex_02 main
INFO: 0 1 2 3 4 5 5 5 6 7 8 9 
февр. 26, 2023 8:46:38 PM Ex_02 main
INFO: End
